<?xml version="1.0" encoding="UTF-8"?>
<testng-results ignored="0" total="1" passed="1" failed="0" skipped="0">
  <reporter-output>
  </reporter-output>
  <suite started-at="2023-04-14T16:02:39 IST" name="Default suite" finished-at="2023-04-14T16:03:16 IST" duration-ms="37007">
    <groups>
    </groups>
    <test started-at="2023-04-14T16:02:39 IST" name="Default test" finished-at="2023-04-14T16:03:16 IST" duration-ms="37007">
      <class name="Face.Login">
        <test-method is-config="true" signature="openBrowser()[pri:0, instance:Face.Login@7334aada]" started-at="2023-04-14T16:02:39 IST" name="openBrowser" finished-at="2023-04-14T16:02:49 IST" duration-ms="9259" status="PASS">
          <reporter-output>
          </reporter-output>
        </test-method> <!-- openBrowser -->
        <test-method signature="veify_login()[pri:0, instance:Face.Login@7334aada]" started-at="2023-04-14T16:02:49 IST" name="veify_login" finished-at="2023-04-14T16:03:16 IST" duration-ms="27668" status="PASS">
          <reporter-output>
          </reporter-output>
        </test-method> <!-- veify_login -->
      </class> <!-- Face.Login -->
    </test> <!-- Default test -->
  </suite> <!-- Default suite -->
</testng-results>
